
CommandNotFoundError: Your shell has not been properly configured to use 'conda activate'.
If your shell is Bash or a Bourne variant, enable conda for the current user with

    $ echo ". /home/ryj/anaconda3/etc/profile.d/conda.sh" >> ~/.bashrc

or, for all users, enable conda with

    $ sudo ln -s /home/ryj/anaconda3/etc/profile.d/conda.sh /etc/profile.d/conda.sh

The options above will permanently enable the 'conda' command, but they do NOT
put conda's base (root) environment on PATH.  To do so, run

    $ conda activate

in your terminal, or to put the base environment on PATH permanently, run

    $ echo "conda activate" >> ~/.bashrc

Previous to conda 4.4, the recommended way to activate conda was to modify PATH in
your ~/.bashrc file.  You should manually remove the line that looks like

    export PATH="/home/ryj/anaconda3/bin:$PATH"

^^^ The above line should NO LONGER be in your ~/.bashrc file! ^^^


Traceback (most recent call last):
  File "run.py", line 12, in <module>
    yaml.warnings({'YAMLLoadWarning': False})
AttributeError: module 'yaml' has no attribute 'warnings'
Traceback (most recent call last):
  File "run.py", line 12, in <module>
    yaml.warnings({'YAMLLoadWarning': False})
AttributeError: module 'yaml' has no attribute 'warnings'
Traceback (most recent call last):
  File "run.py", line 12, in <module>
    yaml.warnings({'YAMLLoadWarning': False})
AttributeError: module 'yaml' has no attribute 'warnings'
Traceback (most recent call last):
  File "run.py", line 12, in <module>
    yaml.warnings({'YAMLLoadWarning': False})
AttributeError: module 'yaml' has no attribute 'warnings'
begin to run experiment: self
parameter name: 
parameter value combination: 
the number of parameter: 
the number of combination: 

CommandNotFoundError: Your shell has not been properly configured to use 'conda activate'.
If your shell is Bash or a Bourne variant, enable conda for the current user with

    $ echo ". /home/ryj/anaconda3/etc/profile.d/conda.sh" >> ~/.bashrc

or, for all users, enable conda with

    $ sudo ln -s /home/ryj/anaconda3/etc/profile.d/conda.sh /etc/profile.d/conda.sh

The options above will permanently enable the 'conda' command, but they do NOT
put conda's base (root) environment on PATH.  To do so, run

    $ conda activate

in your terminal, or to put the base environment on PATH permanently, run

    $ echo "conda activate" >> ~/.bashrc

Previous to conda 4.4, the recommended way to activate conda was to modify PATH in
your ~/.bashrc file.  You should manually remove the line that looks like

    export PATH="/home/ryj/anaconda3/bin:$PATH"

^^^ The above line should NO LONGER be in your ~/.bashrc file! ^^^


begin to run experiment: self
parameter name: len_global len_local neighbor_size
parameter value combination: 1_1_1 1_1_2 1_1_3 1_2_1 1_2_2 1_2_3 1_3_1 1_3_2 1_3_3 1_4_1 1_4_2 1_4_3 1_5_1 1_5_2 1_5_3 1_6_1 1_6_2 1_6_3 1_7_1 1_7_2 1_7_3 2_1_1 2_1_2 2_1_3 2_2_1 2_2_2 2_2_3 2_3_1 2_3_2 2_3_3 2_4_1 2_4_2 2_4_3 2_5_1 2_5_2 2_5_3 2_6_1 2_6_2 2_6_3 2_7_1 2_7_2 2_7_3 3_1_1 3_1_2 3_1_3 3_2_1 3_2_2 3_2_3 3_3_1 3_3_2 3_3_3 3_4_1 3_4_2 3_4_3 3_5_1 3_5_2 3_5_3 3_6_1 3_6_2 3_6_3 3_7_1 3_7_2 3_7_3 4_1_1 4_1_2 4_1_3 4_2_1 4_2_2 4_2_3 4_3_1 4_3_2 4_3_3 4_4_1 4_4_2 4_4_3 4_5_1 4_5_2 4_5_3 4_6_1 4_6_2 4_6_3 4_7_1 4_7_2 4_7_3 5_1_1 5_1_2 5_1_3 5_2_1 5_2_2 5_2_3 5_3_1 5_3_2 5_3_3 5_4_1 5_4_2 5_4_3 5_5_1 5_5_2 5_5_3 5_6_1 5_6_2 5_6_3 5_7_1 5_7_2 5_7_3 6_1_1 6_1_2 6_1_3 6_2_1 6_2_2 6_2_3 6_3_1 6_3_2 6_3_3 6_4_1 6_4_2 6_4_3 6_5_1 6_5_2 6_5_3 6_6_1 6_6_2 6_6_3 6_7_1 6_7_2 6_7_3 7_1_1 7_1_2 7_1_3 7_2_1 7_2_2 7_2_3 7_3_1 7_3_2 7_3_3 7_4_1 7_4_2 7_4_3 7_5_1 7_5_2 7_5_3 7_6_1 7_6_2 7_6_3 7_7_1 7_7_2 7_7_3
the number of parameter: 3
the number of combination: 147
--------------------------------------------------
prepare to run:  --len_global 1 --len_local 1 --neighbor_size 1
current background job process is 17274, wait the process...
remove ./log/self

CommandNotFoundError: Your shell has not been properly configured to use 'conda activate'.
If your shell is Bash or a Bourne variant, enable conda for the current user with

    $ echo ". /home/ryj/anaconda3/etc/profile.d/conda.sh" >> ~/.bashrc

or, for all users, enable conda with

    $ sudo ln -s /home/ryj/anaconda3/etc/profile.d/conda.sh /etc/profile.d/conda.sh

The options above will permanently enable the 'conda' command, but they do NOT
put conda's base (root) environment on PATH.  To do so, run

    $ conda activate

in your terminal, or to put the base environment on PATH permanently, run

    $ echo "conda activate" >> ~/.bashrc

Previous to conda 4.4, the recommended way to activate conda was to modify PATH in
your ~/.bashrc file.  You should manually remove the line that looks like

    export PATH="/home/ryj/anaconda3/bin:$PATH"

^^^ The above line should NO LONGER be in your ~/.bashrc file! ^^^


begin to run experiment: self
parameter name: len_global len_local neighbor_size
parameter value combination: 1_1_1 1_1_2 1_1_3 1_2_1 1_2_2 1_2_3 1_3_1 1_3_2 1_3_3 1_4_1 1_4_2 1_4_3 1_5_1 1_5_2 1_5_3 1_6_1 1_6_2 1_6_3 1_7_1 1_7_2 1_7_3 2_1_1 2_1_2 2_1_3 2_2_1 2_2_2 2_2_3 2_3_1 2_3_2 2_3_3 2_4_1 2_4_2 2_4_3 2_5_1 2_5_2 2_5_3 2_6_1 2_6_2 2_6_3 2_7_1 2_7_2 2_7_3 3_1_1 3_1_2 3_1_3 3_2_1 3_2_2 3_2_3 3_3_1 3_3_2 3_3_3 3_4_1 3_4_2 3_4_3 3_5_1 3_5_2 3_5_3 3_6_1 3_6_2 3_6_3 3_7_1 3_7_2 3_7_3 4_1_1 4_1_2 4_1_3 4_2_1 4_2_2 4_2_3 4_3_1 4_3_2 4_3_3 4_4_1 4_4_2 4_4_3 4_5_1 4_5_2 4_5_3 4_6_1 4_6_2 4_6_3 4_7_1 4_7_2 4_7_3 5_1_1 5_1_2 5_1_3 5_2_1 5_2_2 5_2_3 5_3_1 5_3_2 5_3_3 5_4_1 5_4_2 5_4_3 5_5_1 5_5_2 5_5_3 5_6_1 5_6_2 5_6_3 5_7_1 5_7_2 5_7_3 6_1_1 6_1_2 6_1_3 6_2_1 6_2_2 6_2_3 6_3_1 6_3_2 6_3_3 6_4_1 6_4_2 6_4_3 6_5_1 6_5_2 6_5_3 6_6_1 6_6_2 6_6_3 6_7_1 6_7_2 6_7_3 7_1_1 7_1_2 7_1_3 7_2_1 7_2_2 7_2_3 7_3_1 7_3_2 7_3_3 7_4_1 7_4_2 7_4_3 7_5_1 7_5_2 7_5_3 7_6_1 7_6_2 7_6_3 7_7_1 7_7_2 7_7_3
the number of parameter: 3
the number of combination: 147
--------------------------------------------------
prepare to run:  --len_global 1 --len_local 1 --neighbor_size 1
current background job process is 17456, wait the process...
remove ./log/self

CommandNotFoundError: Your shell has not been properly configured to use 'conda activate'.
If your shell is Bash or a Bourne variant, enable conda for the current user with

    $ echo ". /home/ryj/anaconda3/etc/profile.d/conda.sh" >> ~/.bashrc

or, for all users, enable conda with

    $ sudo ln -s /home/ryj/anaconda3/etc/profile.d/conda.sh /etc/profile.d/conda.sh

The options above will permanently enable the 'conda' command, but they do NOT
put conda's base (root) environment on PATH.  To do so, run

    $ conda activate

in your terminal, or to put the base environment on PATH permanently, run

    $ echo "conda activate" >> ~/.bashrc

Previous to conda 4.4, the recommended way to activate conda was to modify PATH in
your ~/.bashrc file.  You should manually remove the line that looks like

    export PATH="/home/ryj/anaconda3/bin:$PATH"

^^^ The above line should NO LONGER be in your ~/.bashrc file! ^^^


begin to run experiment: self
parameter name: len_global len_local neighbor_size
parameter value combination: 1_1_1 1_1_2 1_1_3 1_2_1 1_2_2 1_2_3 1_3_1 1_3_2 1_3_3 1_4_1 1_4_2 1_4_3 1_5_1 1_5_2 1_5_3 1_6_1 1_6_2 1_6_3 1_7_1 1_7_2 1_7_3 2_1_1 2_1_2 2_1_3 2_2_1 2_2_2 2_2_3 2_3_1 2_3_2 2_3_3 2_4_1 2_4_2 2_4_3 2_5_1 2_5_2 2_5_3 2_6_1 2_6_2 2_6_3 2_7_1 2_7_2 2_7_3 3_1_1 3_1_2 3_1_3 3_2_1 3_2_2 3_2_3 3_3_1 3_3_2 3_3_3 3_4_1 3_4_2 3_4_3 3_5_1 3_5_2 3_5_3 3_6_1 3_6_2 3_6_3 3_7_1 3_7_2 3_7_3 4_1_1 4_1_2 4_1_3 4_2_1 4_2_2 4_2_3 4_3_1 4_3_2 4_3_3 4_4_1 4_4_2 4_4_3 4_5_1 4_5_2 4_5_3 4_6_1 4_6_2 4_6_3 4_7_1 4_7_2 4_7_3 5_1_1 5_1_2 5_1_3 5_2_1 5_2_2 5_2_3 5_3_1 5_3_2 5_3_3 5_4_1 5_4_2 5_4_3 5_5_1 5_5_2 5_5_3 5_6_1 5_6_2 5_6_3 5_7_1 5_7_2 5_7_3 6_1_1 6_1_2 6_1_3 6_2_1 6_2_2 6_2_3 6_3_1 6_3_2 6_3_3 6_4_1 6_4_2 6_4_3 6_5_1 6_5_2 6_5_3 6_6_1 6_6_2 6_6_3 6_7_1 6_7_2 6_7_3 7_1_1 7_1_2 7_1_3 7_2_1 7_2_2 7_2_3 7_3_1 7_3_2 7_3_3 7_4_1 7_4_2 7_4_3 7_5_1 7_5_2 7_5_3 7_6_1 7_6_2 7_6_3 7_7_1 7_7_2 7_7_3
the number of parameter: 3
the number of combination: 147
--------------------------------------------------
prepare to run:  --len_global 1 --len_local 1 --neighbor_size 1
current background job process is 17534, wait the process...
remove ./log/self

CommandNotFoundError: Your shell has not been properly configured to use 'conda activate'.
If your shell is Bash or a Bourne variant, enable conda for the current user with

    $ echo ". /home/ryj/anaconda3/etc/profile.d/conda.sh" >> ~/.bashrc

or, for all users, enable conda with

    $ sudo ln -s /home/ryj/anaconda3/etc/profile.d/conda.sh /etc/profile.d/conda.sh

The options above will permanently enable the 'conda' command, but they do NOT
put conda's base (root) environment on PATH.  To do so, run

    $ conda activate

in your terminal, or to put the base environment on PATH permanently, run

    $ echo "conda activate" >> ~/.bashrc

Previous to conda 4.4, the recommended way to activate conda was to modify PATH in
your ~/.bashrc file.  You should manually remove the line that looks like

    export PATH="/home/ryj/anaconda3/bin:$PATH"

^^^ The above line should NO LONGER be in your ~/.bashrc file! ^^^


begin to run experiment: self
parameter name: len_global len_local neighbor_size
parameter value combination: 1_1_1 1_1_2 1_1_3 1_2_1 1_2_2 1_2_3 1_3_1 1_3_2 1_3_3 1_4_1 1_4_2 1_4_3 1_5_1 1_5_2 1_5_3 1_6_1 1_6_2 1_6_3 1_7_1 1_7_2 1_7_3 2_1_1 2_1_2 2_1_3 2_2_1 2_2_2 2_2_3 2_3_1 2_3_2 2_3_3 2_4_1 2_4_2 2_4_3 2_5_1 2_5_2 2_5_3 2_6_1 2_6_2 2_6_3 2_7_1 2_7_2 2_7_3 3_1_1 3_1_2 3_1_3 3_2_1 3_2_2 3_2_3 3_3_1 3_3_2 3_3_3 3_4_1 3_4_2 3_4_3 3_5_1 3_5_2 3_5_3 3_6_1 3_6_2 3_6_3 3_7_1 3_7_2 3_7_3 4_1_1 4_1_2 4_1_3 4_2_1 4_2_2 4_2_3 4_3_1 4_3_2 4_3_3 4_4_1 4_4_2 4_4_3 4_5_1 4_5_2 4_5_3 4_6_1 4_6_2 4_6_3 4_7_1 4_7_2 4_7_3 5_1_1 5_1_2 5_1_3 5_2_1 5_2_2 5_2_3 5_3_1 5_3_2 5_3_3 5_4_1 5_4_2 5_4_3 5_5_1 5_5_2 5_5_3 5_6_1 5_6_2 5_6_3 5_7_1 5_7_2 5_7_3 6_1_1 6_1_2 6_1_3 6_2_1 6_2_2 6_2_3 6_3_1 6_3_2 6_3_3 6_4_1 6_4_2 6_4_3 6_5_1 6_5_2 6_5_3 6_6_1 6_6_2 6_6_3 6_7_1 6_7_2 6_7_3 7_1_1 7_1_2 7_1_3 7_2_1 7_2_2 7_2_3 7_3_1 7_3_2 7_3_3 7_4_1 7_4_2 7_4_3 7_5_1 7_5_2 7_5_3 7_6_1 7_6_2 7_6_3 7_7_1 7_7_2 7_7_3
the number of parameter: 3
the number of combination: 147
--------------------------------------------------
prepare to run:  --len_global 1 --len_local 1 --neighbor_size 1
current background job process is 17708, wait the process...
remove ./log/self

CommandNotFoundError: Your shell has not been properly configured to use 'conda activate'.
If your shell is Bash or a Bourne variant, enable conda for the current user with

    $ echo ". /home/ryj/anaconda3/etc/profile.d/conda.sh" >> ~/.bashrc

or, for all users, enable conda with

    $ sudo ln -s /home/ryj/anaconda3/etc/profile.d/conda.sh /etc/profile.d/conda.sh

The options above will permanently enable the 'conda' command, but they do NOT
put conda's base (root) environment on PATH.  To do so, run

    $ conda activate

in your terminal, or to put the base environment on PATH permanently, run

    $ echo "conda activate" >> ~/.bashrc

Previous to conda 4.4, the recommended way to activate conda was to modify PATH in
your ~/.bashrc file.  You should manually remove the line that looks like

    export PATH="/home/ryj/anaconda3/bin:$PATH"

^^^ The above line should NO LONGER be in your ~/.bashrc file! ^^^


begin to run experiment: self
parameter name: len_global len_local neighbor_size
parameter value combination: 1_1_1 1_1_2 1_1_3 1_2_1 1_2_2 1_2_3 1_3_1 1_3_2 1_3_3 1_4_1 1_4_2 1_4_3 1_5_1 1_5_2 1_5_3 1_6_1 1_6_2 1_6_3 1_7_1 1_7_2 1_7_3 2_1_1 2_1_2 2_1_3 2_2_1 2_2_2 2_2_3 2_3_1 2_3_2 2_3_3 2_4_1 2_4_2 2_4_3 2_5_1 2_5_2 2_5_3 2_6_1 2_6_2 2_6_3 2_7_1 2_7_2 2_7_3 3_1_1 3_1_2 3_1_3 3_2_1 3_2_2 3_2_3 3_3_1 3_3_2 3_3_3 3_4_1 3_4_2 3_4_3 3_5_1 3_5_2 3_5_3 3_6_1 3_6_2 3_6_3 3_7_1 3_7_2 3_7_3 4_1_1 4_1_2 4_1_3 4_2_1 4_2_2 4_2_3 4_3_1 4_3_2 4_3_3 4_4_1 4_4_2 4_4_3 4_5_1 4_5_2 4_5_3 4_6_1 4_6_2 4_6_3 4_7_1 4_7_2 4_7_3 5_1_1 5_1_2 5_1_3 5_2_1 5_2_2 5_2_3 5_3_1 5_3_2 5_3_3 5_4_1 5_4_2 5_4_3 5_5_1 5_5_2 5_5_3 5_6_1 5_6_2 5_6_3 5_7_1 5_7_2 5_7_3 6_1_1 6_1_2 6_1_3 6_2_1 6_2_2 6_2_3 6_3_1 6_3_2 6_3_3 6_4_1 6_4_2 6_4_3 6_5_1 6_5_2 6_5_3 6_6_1 6_6_2 6_6_3 6_7_1 6_7_2 6_7_3 7_1_1 7_1_2 7_1_3 7_2_1 7_2_2 7_2_3 7_3_1 7_3_2 7_3_3 7_4_1 7_4_2 7_4_3 7_5_1 7_5_2 7_5_3 7_6_1 7_6_2 7_6_3 7_7_1 7_7_2 7_7_3
the number of parameter: 3
the number of combination: 147
--------------------------------------------------
prepare to run:  --len_global 1 --len_local 1 --neighbor_size 1
current background job process is 18275, wait the process...
command success
process finish, sleep 30s then run next command...
--------------------------------------------------
prepare to run:  --len_global 1 --len_local 1 --neighbor_size 2
current background job process is 19356, wait the process...
command success
process finish, sleep 30s then run next command...
--------------------------------------------------
prepare to run:  --len_global 1 --len_local 1 --neighbor_size 3
current background job process is 21052, wait the process...
command success
process finish, sleep 30s then run next command...
--------------------------------------------------
prepare to run:  --len_global 1 --len_local 2 --neighbor_size 1
current background job process is 24315, wait the process...
some error happen
process finish, sleep 30s then run next command...
--------------------------------------------------
prepare to run:  --len_global 1 --len_local 2 --neighbor_size 2
current background job process is 25569, wait the process...
some error happen
process finish, sleep 30s then run next command...
--------------------------------------------------
prepare to run:  --len_global 1 --len_local 2 --neighbor_size 3
current background job process is 25912, wait the process...
some error happen
process finish, sleep 30s then run next command...
--------------------------------------------------
prepare to run:  --len_global 1 --len_local 3 --neighbor_size 1
current background job process is 26089, wait the process...
some error happen
process finish, sleep 30s then run next command...
--------------------------------------------------
prepare to run:  --len_global 1 --len_local 3 --neighbor_size 2
current background job process is 29389, wait the process...
some error happen
process finish, sleep 30s then run next command...
--------------------------------------------------
prepare to run:  --len_global 1 --len_local 3 --neighbor_size 3
current background job process is 7277, wait the process...
some error happen
process finish, sleep 30s then run next command...
--------------------------------------------------
prepare to run:  --len_global 1 --len_local 4 --neighbor_size 1
current background job process is 7406, wait the process...
some error happen
process finish, sleep 30s then run next command...
--------------------------------------------------
prepare to run:  --len_global 1 --len_local 4 --neighbor_size 2
current background job process is 7537, wait the process...
some error happen
process finish, sleep 30s then run next command...
--------------------------------------------------
prepare to run:  --len_global 1 --len_local 4 --neighbor_size 3
current background job process is 7657, wait the process...
command success
process finish, sleep 30s then run next command...
--------------------------------------------------
prepare to run:  --len_global 1 --len_local 5 --neighbor_size 1
current background job process is 9450, wait the process...
some error happen
process finish, sleep 30s then run next command...
--------------------------------------------------
prepare to run:  --len_global 1 --len_local 5 --neighbor_size 2
current background job process is 10393, wait the process...
some error happen
process finish, sleep 30s then run next command...
--------------------------------------------------
prepare to run:  --len_global 1 --len_local 5 --neighbor_size 3
current background job process is 10523, wait the process...
some error happen
process finish, sleep 30s then run next command...
--------------------------------------------------
prepare to run:  --len_global 1 --len_local 6 --neighbor_size 1
current background job process is 10896, wait the process...
some error happen
process finish, sleep 30s then run next command...
--------------------------------------------------
prepare to run:  --len_global 1 --len_local 6 --neighbor_size 2
current background job process is 11366, wait the process...
command success
process finish, sleep 30s then run next command...
--------------------------------------------------
prepare to run:  --len_global 1 --len_local 6 --neighbor_size 3
current background job process is 11924, wait the process...
command success
process finish, sleep 30s then run next command...
--------------------------------------------------
prepare to run:  --len_global 1 --len_local 7 --neighbor_size 1
current background job process is 13121, wait the process...
command success
process finish, sleep 30s then run next command...
--------------------------------------------------
prepare to run:  --len_global 1 --len_local 7 --neighbor_size 2
current background job process is 14233, wait the process...
command success
process finish, sleep 30s then run next command...
--------------------------------------------------
prepare to run:  --len_global 1 --len_local 7 --neighbor_size 3
current background job process is 14815, wait the process...
command success
process finish, sleep 30s then run next command...
--------------------------------------------------
prepare to run:  --len_global 2 --len_local 1 --neighbor_size 1
current background job process is 15391, wait the process...
command success
process finish, sleep 30s then run next command...
--------------------------------------------------
prepare to run:  --len_global 2 --len_local 1 --neighbor_size 2
current background job process is 15979, wait the process...
command success
process finish, sleep 30s then run next command...
--------------------------------------------------
prepare to run:  --len_global 2 --len_local 1 --neighbor_size 3
current background job process is 16549, wait the process...
command success
process finish, sleep 30s then run next command...
--------------------------------------------------
prepare to run:  --len_global 2 --len_local 2 --neighbor_size 1
current background job process is 17152, wait the process...
command success
process finish, sleep 30s then run next command...
--------------------------------------------------
prepare to run:  --len_global 2 --len_local 2 --neighbor_size 2
current background job process is 17743, wait the process...
command success
process finish, sleep 30s then run next command...
--------------------------------------------------
prepare to run:  --len_global 2 --len_local 2 --neighbor_size 3
current background job process is 18314, wait the process...
command success
process finish, sleep 30s then run next command...
--------------------------------------------------
prepare to run:  --len_global 2 --len_local 3 --neighbor_size 1
current background job process is 18908, wait the process...
command success
process finish, sleep 30s then run next command...
--------------------------------------------------
prepare to run:  --len_global 2 --len_local 3 --neighbor_size 2
current background job process is 19507, wait the process...
command success
process finish, sleep 30s then run next command...
--------------------------------------------------
prepare to run:  --len_global 2 --len_local 3 --neighbor_size 3
current background job process is 20075, wait the process...
command success
process finish, sleep 30s then run next command...
--------------------------------------------------
prepare to run:  --len_global 2 --len_local 4 --neighbor_size 1
current background job process is 20651, wait the process...
command success
process finish, sleep 30s then run next command...
--------------------------------------------------
prepare to run:  --len_global 2 --len_local 4 --neighbor_size 2
current background job process is 21247, wait the process...
command success
process finish, sleep 30s then run next command...
--------------------------------------------------
prepare to run:  --len_global 2 --len_local 4 --neighbor_size 3
current background job process is 21822, wait the process...
command success
process finish, sleep 30s then run next command...
--------------------------------------------------
prepare to run:  --len_global 2 --len_local 5 --neighbor_size 1
current background job process is 22418, wait the process...
command success
process finish, sleep 30s then run next command...
--------------------------------------------------
prepare to run:  --len_global 2 --len_local 5 --neighbor_size 2
current background job process is 22991, wait the process...
command success
process finish, sleep 30s then run next command...
--------------------------------------------------
prepare to run:  --len_global 2 --len_local 5 --neighbor_size 3
current background job process is 23566, wait the process...
command success
process finish, sleep 30s then run next command...
--------------------------------------------------
prepare to run:  --len_global 2 --len_local 6 --neighbor_size 1
current background job process is 24156, wait the process...
command success
process finish, sleep 30s then run next command...
--------------------------------------------------
prepare to run:  --len_global 2 --len_local 6 --neighbor_size 2
current background job process is 24728, wait the process...
command success
process finish, sleep 30s then run next command...
--------------------------------------------------
prepare to run:  --len_global 2 --len_local 6 --neighbor_size 3
current background job process is 25670, wait the process...
command success
process finish, sleep 30s then run next command...
--------------------------------------------------
prepare to run:  --len_global 2 --len_local 7 --neighbor_size 1
current background job process is 26245, wait the process...
command success
process finish, sleep 30s then run next command...
--------------------------------------------------
prepare to run:  --len_global 2 --len_local 7 --neighbor_size 2
current background job process is 26842, wait the process...
command success
process finish, sleep 30s then run next command...
--------------------------------------------------
prepare to run:  --len_global 2 --len_local 7 --neighbor_size 3
current background job process is 27409, wait the process...
command success
process finish, sleep 30s then run next command...
--------------------------------------------------
prepare to run:  --len_global 3 --len_local 1 --neighbor_size 1
current background job process is 27981, wait the process...
command success
process finish, sleep 30s then run next command...
--------------------------------------------------
prepare to run:  --len_global 3 --len_local 1 --neighbor_size 2
current background job process is 28570, wait the process...
command success
process finish, sleep 30s then run next command...
--------------------------------------------------
prepare to run:  --len_global 3 --len_local 1 --neighbor_size 3
current background job process is 29163, wait the process...
command success
process finish, sleep 30s then run next command...
--------------------------------------------------
prepare to run:  --len_global 3 --len_local 2 --neighbor_size 1
current background job process is 29738, wait the process...
command success
process finish, sleep 30s then run next command...
--------------------------------------------------
prepare to run:  --len_global 3 --len_local 2 --neighbor_size 2
current background job process is 30326, wait the process...
command success
process finish, sleep 30s then run next command...
--------------------------------------------------
prepare to run:  --len_global 3 --len_local 2 --neighbor_size 3
current background job process is 30886, wait the process...
command success
process finish, sleep 30s then run next command...
--------------------------------------------------
prepare to run:  --len_global 3 --len_local 3 --neighbor_size 1
current background job process is 32055, wait the process...
command success
process finish, sleep 30s then run next command...
--------------------------------------------------
prepare to run:  --len_global 3 --len_local 3 --neighbor_size 2
current background job process is 454, wait the process...
command success
process finish, sleep 30s then run next command...
--------------------------------------------------
prepare to run:  --len_global 3 --len_local 3 --neighbor_size 3
current background job process is 1033, wait the process...
command success
process finish, sleep 30s then run next command...
--------------------------------------------------
prepare to run:  --len_global 3 --len_local 4 --neighbor_size 1
current background job process is 1649, wait the process...
command success
process finish, sleep 30s then run next command...
--------------------------------------------------
prepare to run:  --len_global 3 --len_local 4 --neighbor_size 2
current background job process is 2401, wait the process...
command success
process finish, sleep 30s then run next command...
--------------------------------------------------
prepare to run:  --len_global 3 --len_local 4 --neighbor_size 3
current background job process is 2987, wait the process...
command success
process finish, sleep 30s then run next command...
--------------------------------------------------
prepare to run:  --len_global 3 --len_local 5 --neighbor_size 1
current background job process is 3772, wait the process...
command success
process finish, sleep 30s then run next command...
--------------------------------------------------
prepare to run:  --len_global 3 --len_local 5 --neighbor_size 2
current background job process is 8429, wait the process...
command success
process finish, sleep 30s then run next command...
--------------------------------------------------
prepare to run:  --len_global 3 --len_local 5 --neighbor_size 3
current background job process is 13187, wait the process...
command success
process finish, sleep 30s then run next command...
--------------------------------------------------
prepare to run:  --len_global 3 --len_local 6 --neighbor_size 1
current background job process is 20545, wait the process...
command success
process finish, sleep 30s then run next command...
--------------------------------------------------
prepare to run:  --len_global 3 --len_local 6 --neighbor_size 2
current background job process is 28761, wait the process...
command success
process finish, sleep 30s then run next command...
--------------------------------------------------
prepare to run:  --len_global 3 --len_local 6 --neighbor_size 3
current background job process is 3665, wait the process...
command success
process finish, sleep 30s then run next command...
--------------------------------------------------
prepare to run:  --len_global 3 --len_local 7 --neighbor_size 1
current background job process is 11871, wait the process...
command success
process finish, sleep 30s then run next command...
--------------------------------------------------
prepare to run:  --len_global 3 --len_local 7 --neighbor_size 2
current background job process is 19255, wait the process...
command success
process finish, sleep 30s then run next command...
--------------------------------------------------
prepare to run:  --len_global 3 --len_local 7 --neighbor_size 3
current background job process is 9257, wait the process...
some error happen
process finish, sleep 30s then run next command...
--------------------------------------------------
prepare to run:  --len_global 4 --len_local 1 --neighbor_size 1
current background job process is 12078, wait the process...
some error happen
process finish, sleep 30s then run next command...
--------------------------------------------------
prepare to run:  --len_global 4 --len_local 1 --neighbor_size 2
current background job process is 14882, wait the process...
some error happen
process finish, sleep 30s then run next command...
--------------------------------------------------
prepare to run:  --len_global 4 --len_local 1 --neighbor_size 3
current background job process is 15035, wait the process...
some error happen
process finish, sleep 30s then run next command...
--------------------------------------------------
prepare to run:  --len_global 4 --len_local 2 --neighbor_size 1
current background job process is 15176, wait the process...
some error happen
process finish, sleep 30s then run next command...
--------------------------------------------------
prepare to run:  --len_global 4 --len_local 2 --neighbor_size 2
current background job process is 15859, wait the process...
some error happen
process finish, sleep 30s then run next command...
--------------------------------------------------
prepare to run:  --len_global 4 --len_local 2 --neighbor_size 3
current background job process is 16208, wait the process...
some error happen
process finish, sleep 30s then run next command...
--------------------------------------------------
prepare to run:  --len_global 4 --len_local 3 --neighbor_size 1
current background job process is 16870, wait the process...
some error happen
process finish, sleep 30s then run next command...
--------------------------------------------------
prepare to run:  --len_global 4 --len_local 3 --neighbor_size 2
current background job process is 17532, wait the process...
some error happen
process finish, sleep 30s then run next command...
--------------------------------------------------
prepare to run:  --len_global 4 --len_local 3 --neighbor_size 3
current background job process is 17764, wait the process...
some error happen
process finish, sleep 30s then run next command...
--------------------------------------------------
prepare to run:  --len_global 4 --len_local 4 --neighbor_size 1
current background job process is 17896, wait the process...
some error happen
process finish, sleep 30s then run next command...
--------------------------------------------------
prepare to run:  --len_global 4 --len_local 4 --neighbor_size 2
current background job process is 18033, wait the process...
some error happen
process finish, sleep 30s then run next command...
--------------------------------------------------
prepare to run:  --len_global 4 --len_local 4 --neighbor_size 3
current background job process is 18167, wait the process...
some error happen
process finish, sleep 30s then run next command...
--------------------------------------------------
prepare to run:  --len_global 4 --len_local 5 --neighbor_size 1
current background job process is 18415, wait the process...
some error happen
process finish, sleep 30s then run next command...
--------------------------------------------------
prepare to run:  --len_global 4 --len_local 5 --neighbor_size 2
current background job process is 18966, wait the process...
some error happen
process finish, sleep 30s then run next command...
--------------------------------------------------
prepare to run:  --len_global 4 --len_local 5 --neighbor_size 3
current background job process is 19104, wait the process...
some error happen
process finish, sleep 30s then run next command...
--------------------------------------------------
prepare to run:  --len_global 4 --len_local 6 --neighbor_size 1
current background job process is 19243, wait the process...
some error happen
process finish, sleep 30s then run next command...
--------------------------------------------------
prepare to run:  --len_global 4 --len_local 6 --neighbor_size 2
current background job process is 19910, wait the process...
some error happen
process finish, sleep 30s then run next command...
--------------------------------------------------
prepare to run:  --len_global 4 --len_local 6 --neighbor_size 3
current background job process is 20045, wait the process...
some error happen
process finish, sleep 30s then run next command...
--------------------------------------------------
prepare to run:  --len_global 4 --len_local 7 --neighbor_size 1
current background job process is 20183, wait the process...
some error happen
process finish, sleep 30s then run next command...
--------------------------------------------------
prepare to run:  --len_global 4 --len_local 7 --neighbor_size 2
current background job process is 20345, wait the process...
some error happen
process finish, sleep 30s then run next command...
--------------------------------------------------
prepare to run:  --len_global 4 --len_local 7 --neighbor_size 3
current background job process is 20666, wait the process...
some error happen
process finish, sleep 30s then run next command...
--------------------------------------------------
prepare to run:  --len_global 5 --len_local 1 --neighbor_size 1
current background job process is 21188, wait the process...
some error happen
process finish, sleep 30s then run next command...
--------------------------------------------------
prepare to run:  --len_global 5 --len_local 1 --neighbor_size 2
current background job process is 24889, wait the process...
some error happen
process finish, sleep 30s then run next command...
--------------------------------------------------
prepare to run:  --len_global 5 --len_local 1 --neighbor_size 3
current background job process is 25757, wait the process...
some error happen
process finish, sleep 30s then run next command...
--------------------------------------------------
prepare to run:  --len_global 5 --len_local 2 --neighbor_size 1
current background job process is 26469, wait the process...
some error happen
process finish, sleep 30s then run next command...
--------------------------------------------------
prepare to run:  --len_global 5 --len_local 2 --neighbor_size 2
current background job process is 31132, wait the process...
some error happen
process finish, sleep 30s then run next command...
--------------------------------------------------
prepare to run:  --len_global 5 --len_local 2 --neighbor_size 3
current background job process is 31999, wait the process...
some error happen
process finish, sleep 30s then run next command...
--------------------------------------------------
prepare to run:  --len_global 5 --len_local 3 --neighbor_size 1
current background job process is 32178, wait the process...
some error happen
process finish, sleep 30s then run next command...
--------------------------------------------------
prepare to run:  --len_global 5 --len_local 3 --neighbor_size 2
current background job process is 5493, wait the process...
some error happen
process finish, sleep 30s then run next command...
--------------------------------------------------
prepare to run:  --len_global 5 --len_local 3 --neighbor_size 3
current background job process is 6040, wait the process...
some error happen
process finish, sleep 30s then run next command...
--------------------------------------------------
prepare to run:  --len_global 5 --len_local 4 --neighbor_size 1
current background job process is 8364, wait the process...
some error happen
process finish, sleep 30s then run next command...
--------------------------------------------------
prepare to run:  --len_global 5 --len_local 4 --neighbor_size 2
current background job process is 11758, wait the process...
some error happen
process finish, sleep 30s then run next command...
--------------------------------------------------
prepare to run:  --len_global 5 --len_local 4 --neighbor_size 3
current background job process is 15187, wait the process...
some error happen
process finish, sleep 30s then run next command...
--------------------------------------------------
prepare to run:  --len_global 5 --len_local 5 --neighbor_size 1
current background job process is 24420, wait the process...
some error happen
process finish, sleep 30s then run next command...
--------------------------------------------------
prepare to run:  --len_global 5 --len_local 5 --neighbor_size 2
current background job process is 29265, wait the process...
some error happen
process finish, sleep 30s then run next command...
--------------------------------------------------
prepare to run:  --len_global 5 --len_local 5 --neighbor_size 3
current background job process is 30674, wait the process...
some error happen
process finish, sleep 30s then run next command...
--------------------------------------------------
prepare to run:  --len_global 5 --len_local 6 --neighbor_size 1
current background job process is 30940, wait the process...
some error happen
process finish, sleep 30s then run next command...
--------------------------------------------------
prepare to run:  --len_global 5 --len_local 6 --neighbor_size 2
current background job process is 5229, wait the process...
some error happen
process finish, sleep 30s then run next command...
--------------------------------------------------
prepare to run:  --len_global 5 --len_local 6 --neighbor_size 3
current background job process is 5935, wait the process...
some error happen
process finish, sleep 30s then run next command...
--------------------------------------------------
prepare to run:  --len_global 5 --len_local 7 --neighbor_size 1
current background job process is 9014, wait the process...
some error happen
process finish, sleep 30s then run next command...
--------------------------------------------------
prepare to run:  --len_global 5 --len_local 7 --neighbor_size 2
current background job process is 12365, wait the process...
some error happen
process finish, sleep 30s then run next command...
--------------------------------------------------
prepare to run:  --len_global 5 --len_local 7 --neighbor_size 3
current background job process is 14745, wait the process...
some error happen
process finish, sleep 30s then run next command...
--------------------------------------------------
prepare to run:  --len_global 6 --len_local 1 --neighbor_size 1
current background job process is 16155, wait the process...
some error happen
process finish, sleep 30s then run next command...
--------------------------------------------------
prepare to run:  --len_global 6 --len_local 1 --neighbor_size 2
current background job process is 24424, wait the process...
some error happen
process finish, sleep 30s then run next command...
--------------------------------------------------
prepare to run:  --len_global 6 --len_local 1 --neighbor_size 3
current background job process is 26165, wait the process...
some error happen
process finish, sleep 30s then run next command...
--------------------------------------------------
prepare to run:  --len_global 6 --len_local 2 --neighbor_size 1
current background job process is 5164, wait the process...
some error happen
process finish, sleep 30s then run next command...
--------------------------------------------------
prepare to run:  --len_global 6 --len_local 2 --neighbor_size 2
current background job process is 12119, wait the process...
some error happen
process finish, sleep 30s then run next command...
--------------------------------------------------
prepare to run:  --len_global 6 --len_local 2 --neighbor_size 3
current background job process is 16081, wait the process...
some error happen
process finish, sleep 30s then run next command...
--------------------------------------------------
prepare to run:  --len_global 6 --len_local 3 --neighbor_size 1
current background job process is 19610, wait the process...
some error happen
process finish, sleep 30s then run next command...
--------------------------------------------------
prepare to run:  --len_global 6 --len_local 3 --neighbor_size 2
current background job process is 25166, wait the process...
some error happen
process finish, sleep 30s then run next command...
--------------------------------------------------
prepare to run:  --len_global 6 --len_local 3 --neighbor_size 3
current background job process is 6647, wait the process...
some error happen
process finish, sleep 30s then run next command...
--------------------------------------------------
prepare to run:  --len_global 6 --len_local 4 --neighbor_size 1
current background job process is 10000, wait the process...
command success
process finish, sleep 30s then run next command...
--------------------------------------------------
prepare to run:  --len_global 6 --len_local 4 --neighbor_size 2
current background job process is 1281, wait the process...
some error happen
process finish, sleep 30s then run next command...
--------------------------------------------------
prepare to run:  --len_global 6 --len_local 4 --neighbor_size 3
current background job process is 2759, wait the process...
some error happen
process finish, sleep 30s then run next command...
--------------------------------------------------
prepare to run:  --len_global 6 --len_local 5 --neighbor_size 1
current background job process is 7692, wait the process...
some error happen
process finish, sleep 30s then run next command...
--------------------------------------------------
prepare to run:  --len_global 6 --len_local 5 --neighbor_size 2
current background job process is 15796, wait the process...
some error happen
process finish, sleep 30s then run next command...
--------------------------------------------------
prepare to run:  --len_global 6 --len_local 5 --neighbor_size 3
current background job process is 23209, wait the process...
some error happen
process finish, sleep 30s then run next command...
--------------------------------------------------
prepare to run:  --len_global 6 --len_local 6 --neighbor_size 1
current background job process is 16650, wait the process...
some error happen
process finish, sleep 30s then run next command...
--------------------------------------------------
prepare to run:  --len_global 6 --len_local 6 --neighbor_size 2
current background job process is 22078, wait the process...
some error happen
process finish, sleep 30s then run next command...
--------------------------------------------------
prepare to run:  --len_global 6 --len_local 6 --neighbor_size 3
current background job process is 23007, wait the process...
some error happen
process finish, sleep 30s then run next command...
--------------------------------------------------
prepare to run:  --len_global 6 --len_local 7 --neighbor_size 1
current background job process is 13224, wait the process...
some error happen
process finish, sleep 30s then run next command...
--------------------------------------------------
prepare to run:  --len_global 6 --len_local 7 --neighbor_size 2
current background job process is 20611, wait the process...
some error happen
process finish, sleep 30s then run next command...
--------------------------------------------------
prepare to run:  --len_global 6 --len_local 7 --neighbor_size 3
current background job process is 23940, wait the process...
some error happen
process finish, sleep 30s then run next command...
--------------------------------------------------
prepare to run:  --len_global 7 --len_local 1 --neighbor_size 1
current background job process is 25606, wait the process...
some error happen
process finish, sleep 30s then run next command...
--------------------------------------------------
prepare to run:  --len_global 7 --len_local 1 --neighbor_size 2
current background job process is 17060, wait the process...
some error happen
process finish, sleep 30s then run next command...
--------------------------------------------------
prepare to run:  --len_global 7 --len_local 1 --neighbor_size 3
current background job process is 17910, wait the process...
some error happen
process finish, sleep 30s then run next command...
--------------------------------------------------
prepare to run:  --len_global 7 --len_local 2 --neighbor_size 1
current background job process is 20862, wait the process...
some error happen
process finish, sleep 30s then run next command...
--------------------------------------------------
prepare to run:  --len_global 7 --len_local 2 --neighbor_size 2
current background job process is 22683, wait the process...
some error happen
process finish, sleep 30s then run next command...
--------------------------------------------------
prepare to run:  --len_global 7 --len_local 2 --neighbor_size 3
current background job process is 23652, wait the process...
some error happen
process finish, sleep 30s then run next command...
--------------------------------------------------
prepare to run:  --len_global 7 --len_local 3 --neighbor_size 1
current background job process is 27057, wait the process...
some error happen
process finish, sleep 30s then run next command...
--------------------------------------------------
prepare to run:  --len_global 7 --len_local 3 --neighbor_size 2
current background job process is 28925, wait the process...
some error happen
process finish, sleep 30s then run next command...
--------------------------------------------------
prepare to run:  --len_global 7 --len_local 3 --neighbor_size 3
current background job process is 11111, wait the process...
some error happen
process finish, sleep 30s then run next command...
--------------------------------------------------
prepare to run:  --len_global 7 --len_local 4 --neighbor_size 1
current background job process is 13740, wait the process...
some error happen
process finish, sleep 30s then run next command...
--------------------------------------------------
prepare to run:  --len_global 7 --len_local 4 --neighbor_size 2
current background job process is 16374, wait the process...
some error happen
process finish, sleep 30s then run next command...
--------------------------------------------------
prepare to run:  --len_global 7 --len_local 4 --neighbor_size 3
current background job process is 5139, wait the process...
some error happen
process finish, sleep 30s then run next command...
--------------------------------------------------
prepare to run:  --len_global 7 --len_local 5 --neighbor_size 1
current background job process is 8162, wait the process...
some error happen
process finish, sleep 30s then run next command...
--------------------------------------------------
prepare to run:  --len_global 7 --len_local 5 --neighbor_size 2
current background job process is 10086, wait the process...
some error happen
process finish, sleep 30s then run next command...
--------------------------------------------------
prepare to run:  --len_global 7 --len_local 5 --neighbor_size 3
current background job process is 10839, wait the process...
some error happen
process finish, sleep 30s then run next command...
--------------------------------------------------
prepare to run:  --len_global 7 --len_local 6 --neighbor_size 1
current background job process is 14149, wait the process...
command success
process finish, sleep 30s then run next command...
--------------------------------------------------
prepare to run:  --len_global 7 --len_local 6 --neighbor_size 2
current background job process is 9339, wait the process...
command success
process finish, sleep 30s then run next command...
--------------------------------------------------
prepare to run:  --len_global 7 --len_local 6 --neighbor_size 3
current background job process is 26313, wait the process...
command success
process finish, sleep 30s then run next command...
--------------------------------------------------
prepare to run:  --len_global 7 --len_local 7 --neighbor_size 1
current background job process is 10131, wait the process...
command success
process finish, sleep 30s then run next command...
--------------------------------------------------
prepare to run:  --len_global 7 --len_local 7 --neighbor_size 2
current background job process is 16553, wait the process...
some error happen
process finish, sleep 30s then run next command...
--------------------------------------------------
prepare to run:  --len_global 7 --len_local 7 --neighbor_size 3
current background job process is 22325, wait the process...
some error happen
process finish, sleep 30s then run next command...
run.sh: line 60: {1}: command not found
run.sh: line 62: syntax error near unexpected token `fi'
run.sh: line 62: `        fi  '
